0 verbose cli /opt/homebrew/Cellar/node/23.6.0/bin/node /opt/homebrew/lib/node_modules/npm/bin/npm-cli.js
1 info using npm@11.1.0
2 info using node@v23.6.0
3 silly config load:file:/opt/homebrew/lib/node_modules/npm/npmrc
4 silly config load:file:/Users/lucaslopes/testenovo123/void/.npmrc
5 silly config load:file:/Users/lucaslopes/.npmrc
6 silly config load:file:/opt/homebrew/etc/npmrc
7 verbose title npm exec scope-tailwind ./src -o src2/ -s void-scope -c styles.css -p void-
8 verbose argv "exec" "--" "scope-tailwind" "./src" "-o" "src2/" "-s" "void-scope" "-c" "styles.css" "-p" "void-"
9 verbose logfile logs-max:10 dir:/Users/lucaslopes/testenovo123/void/.npm-cache/_logs/2025-04-14T02_32_05_584Z-
10 verbose logfile /Users/lucaslopes/testenovo123/void/.npm-cache/_logs/2025-04-14T02_32_05_584Z-debug-0.log
11 silly logfile done cleaning log files
12 http fetch GET 200 https://registry.npmjs.org/npm 165ms
13 verbose cwd /Users/lucaslopes/testenovo123/void/src/vs/workbench/contrib/void/browser/react
14 verbose os Darwin 24.4.0
15 verbose node v23.6.0
16 verbose npm  v11.1.0
17 notice
17 notice New minor version of npm available! 11.1.0 -> 11.3.0
17 notice Changelog: https://github.com/npm/cli/releases/tag/v11.3.0
17 notice To update run: npm install -g npm@11.3.0
17 notice  { force: true, [Symbol(proc-log.meta)]: true }
18 verbose exit 0
19 info ok
