0 verbose cli /opt/homebrew/Cellar/node/23.6.0/bin/node /opt/homebrew/bin/npm
0 verbose cli /opt/homebrew/Cellar/node/23.6.0/bin/node /opt/homebrew/bin/npm
0 verbose cli /opt/homebrew/Cellar/node/23.6.0/bin/node /opt/homebrew/bin/npm
1 info using npm@11.1.0
1 info using npm@11.1.0
1 info using npm@11.1.0
2 info using node@v23.6.0
2 info using node@v23.6.0
2 info using node@v23.6.0
3 silly config load:file:/opt/homebrew/lib/node_modules/npm/npmrc
3 silly config load:file:/opt/homebrew/lib/node_modules/npm/npmrc
3 silly config load:file:/opt/homebrew/lib/node_modules/npm/npmrc
4 silly config load:file:/Users/lucaslopes/testenovo123/void/.npmrc
4 silly config load:file:/Users/lucaslopes/testenovo123/void/.npmrc
5 silly config load:file:/Users/lucaslopes/.npmrc
5 silly config load:file:/Users/lucaslopes/.npmrc
6 silly config load:file:/opt/homebrew/etc/npmrc
4 silly config load:file:/Users/lucaslopes/testenovo123/void/.npmrc
6 silly config load:file:/opt/homebrew/etc/npmrc
7 verbose title npm run watch-clientd
5 silly config load:file:/Users/lucaslopes/.npmrc
7 verbose title npm run watch-extensionsd
6 silly config load:file:/opt/homebrew/etc/npmrc
7 verbose title npm run watchreactd
8 verbose argv "run" "watch-clientd"
8 verbose argv "run" "watch-extensionsd"
8 verbose argv "run" "watchreactd"
9 verbose logfile logs-max:10 dir:/Users/lucaslopes/testenovo123/void/.npm-cache/_logs/2025-04-13T19_46_16_696Z-
9 verbose logfile logs-max:10 dir:/Users/lucaslopes/testenovo123/void/.npm-cache/_logs/2025-04-13T19_46_16_696Z-
10 verbose logfile /Users/lucaslopes/testenovo123/void/.npm-cache/_logs/2025-04-13T19_46_16_696Z-debug-0.log
10 verbose logfile /Users/lucaslopes/testenovo123/void/.npm-cache/_logs/2025-04-13T19_46_16_696Z-debug-0.log
9 verbose logfile logs-max:10 dir:/Users/lucaslopes/testenovo123/void/.npm-cache/_logs/2025-04-13T19_46_16_696Z-
10 verbose logfile /Users/lucaslopes/testenovo123/void/.npm-cache/_logs/2025-04-13T19_46_16_696Z-debug-0.log
11 silly logfile done cleaning log files
11 silly logfile done cleaning log files
11 silly logfile done cleaning log files
